<?xml version="1.0" encoding="UTF-8"?>
<!-- Generated by org.testng.reporters.JUnitReportReporter -->
<testsuite hostname="WarriorShack-Harshit" failures="0" tests="3" name="harshitsrivastavatraining.tests.SubmitOrderTest2_WithCompleteCode" time="23.181" errors="0" timestamp="2024-10-09T09:50:13 IST" skipped="0">
  <testcase classname="harshitsrivastavatraining.tests.SubmitOrderTest2_WithCompleteCode" name="OrderHistoryTest" time="4.528"/>
  <system-out/>
  <testcase classname="harshitsrivastavatraining.tests.SubmitOrderTest2_WithCompleteCode" name="submitOrder" time="11.064"/>
  <system-out/>
  <testcase classname="harshitsrivastavatraining.tests.SubmitOrderTest2_WithCompleteCode" name="submitOrder" time="7.589"/>
  <system-out/>
</testsuite> <!-- harshitsrivastavatraining.tests.SubmitOrderTest2_WithCompleteCode -->
