<?xml version="1.0" encoding="UTF-8"?>
<!-- Generated by org.testng.reporters.JUnitReportReporter -->
<testsuite hostname="WarriorShack-Harshit" failures="0" tests="3" name="harshitsrivastavatraining.tests.SubmitOrderTest" time="21.613" errors="0" timestamp="2024-10-09T12:01:23 IST" skipped="0">
  <testcase classname="harshitsrivastavatraining.tests.SubmitOrderTest" name="OrderHistoryTest" time="5.509"/>
  <system-out/>
  <testcase classname="harshitsrivastavatraining.tests.SubmitOrderTest" name="submitOrder" time="8.738"/>
  <system-out/>
  <testcase classname="harshitsrivastavatraining.tests.SubmitOrderTest" name="submitOrder" time="7.366"/>
  <system-out/>
</testsuite> <!-- harshitsrivastavatraining.tests.SubmitOrderTest -->
