<?xml version="1.0" encoding="UTF-8"?>
<!-- Generated by org.testng.reporters.JUnitReportReporter -->
<testsuite hostname="WarriorShack-Harshit" failures="0" tests="3" name="harshitsrivastavatraining.tests.SubmitOrderTest" time="25.315" errors="0" timestamp="2024-10-09T12:30:54 IST" skipped="0">
  <testcase classname="harshitsrivastavatraining.tests.SubmitOrderTest" name="submitOrder" time="12.568"/>
  <testcase classname="harshitsrivastavatraining.tests.SubmitOrderTest" name="submitOrder" time="8.535"/>
  <testcase classname="harshitsrivastavatraining.tests.SubmitOrderTest" name="OrderHistoryTest" time="4.212"/>
</testsuite> <!-- harshitsrivastavatraining.tests.SubmitOrderTest -->
