<?xml version="1.0" encoding="UTF-8"?>
<!-- Generated by org.testng.reporters.JUnitReportReporter -->
<testsuite hostname="WarriorShack-Harshit" failures="0" tests="2" name="harshitsrivastavatraining.tests.ErrorValidationsTest" time="15.698" errors="0" timestamp="2024-10-09T12:30:54 IST" skipped="0">
  <testcase classname="harshitsrivastavatraining.tests.ErrorValidationsTest" name="ProductErrorValidation" time="6.781"/>
  <testcase classname="harshitsrivastavatraining.tests.ErrorValidationsTest" name="LoginErrorValidation" time="8.917"/>
</testsuite> <!-- harshitsrivastavatraining.tests.ErrorValidationsTest -->
